<?xml version="1.0" encoding="UTF-8"?>
<!-- Generated by org.testng.reporters.JUnitReportReporter -->
<testsuite skipped="0" hostname="DESKTOP-O97AD17" name="workingWithElements.TestingTxtBoxElement" tests="1" failures="0" timestamp="2020-12-05T15:50:30 EET" time="1.055" errors="0">
  <testcase name="TestLoginScreen" time="1.055" classname="workingWithElements.TestingTxtBoxElement"/>
  <system-out/>
</testsuite> <!-- workingWithElements.TestingTxtBoxElement -->
