<?xml version="1.0" encoding="UTF-8"?>
<!-- Generated by org.testng.reporters.JUnitReportReporter -->
<testsuite skipped="0" hostname="DESKTOP-TSU97K6" name="workingWithElements.FileUploadUsingRobot" tests="1" failures="0" timestamp="2021-02-25T02:58:13 EET" time="9.223" errors="0">
  <testcase name="UploadFileUserobot" time="9.223" classname="workingWithElements.FileUploadUsingRobot"/>
  <system-out/>
</testsuite> <!-- workingWithElements.FileUploadUsingRobot -->
