<?xml version="1.0" encoding="UTF-8"?>
<!-- Generated by org.testng.reporters.JUnitReportReporter -->
<testsuite skipped="0" hostname="DESKTOP-O97AD17" name="workingWithElements.WorkingWithSubmitMethod" tests="1" failures="0" timestamp="2020-11-19T02:36:30 EET" time="17.838" errors="0">
  <testcase name="TestSubmit" time="17.838" classname="workingWithElements.WorkingWithSubmitMethod"/>
  <system-out/>
</testsuite> <!-- workingWithElements.WorkingWithSubmitMethod -->
