<?xml version="1.0" encoding="UTF-8"?>
<!-- Generated by org.testng.reporters.JUnitReportReporter -->
<testsuite skipped="0" hostname="DESKTOP-O97AD17" name="testingWaits.ExplicitWait" tests="1" failures="0" timestamp="2020-11-28T03:40:53 EET" time="3.366" errors="0">
  <testcase name="TestExplicitWait" time="3.366" classname="testingWaits.ExplicitWait"/>
  <system-out/>
</testsuite> <!-- testingWaits.ExplicitWait -->
