<?xml version="1.0" encoding="UTF-8"?>
<!-- Generated by org.testng.reporters.JUnitReportReporter -->
<testsuite skipped="0" hostname="DESKTOP-O97AD17" name="seleniumWebAPIs.TestingSessionCookies" tests="1" failures="0" timestamp="2020-11-28T01:32:40 EET" time="1.695" errors="0">
  <testcase name="HandleSessionCookies" time="1.695" classname="seleniumWebAPIs.TestingSessionCookies"/>
  <system-out/>
</testsuite> <!-- seleniumWebAPIs.TestingSessionCookies -->
