<?xml version="1.0" encoding="UTF-8"?>
<!-- Generated by org.testng.reporters.JUnitReportReporter -->
<testsuite skipped="0" hostname="DESKTOP-O97AD17" name="findingElements.FindElementByXPath" tests="1" failures="0" timestamp="2020-11-18T23:39:46 EET" time="0.079" errors="0">
  <testcase name="FindElementByXPath" time="0.079" classname="findingElements.FindElementByXPath"/>
  <system-out/>
</testsuite> <!-- findingElements.FindElementByXPath -->
