<?xml version="1.0" encoding="UTF-8"?>
<!-- Generated by org.testng.reporters.JUnitReportReporter -->
<testsuite skipped="0" hostname="DESKTOP-O97AD17" name="seleniumWebAPIs.TestAlerts" tests="4" failures="0" timestamp="2020-11-26T02:58:56 EET" time="0.581" errors="0">
  <testcase name="TestAlert" time="0.121" classname="seleniumWebAPIs.TestAlerts"/>
  <system-out/>
  <testcase name="TestConfirmAlert" time="0.144" classname="seleniumWebAPIs.TestAlerts"/>
  <system-out/>
  <testcase name="TestDismissAlert" time="0.132" classname="seleniumWebAPIs.TestAlerts"/>
  <system-out/>
  <testcase name="TestPromptAlert" time="0.184" classname="seleniumWebAPIs.TestAlerts"/>
  <system-out/>
</testsuite> <!-- seleniumWebAPIs.TestAlerts -->
