<?xml version="1.0" encoding="UTF-8"?>
<!-- Generated by org.testng.reporters.JUnitReportReporter -->
<testsuite skipped="0" hostname="DESKTOP-O97AD17" name="workingWithElements.WorkingWithContextMenu" tests="1" failures="0" timestamp="2020-12-03T01:47:32 EET" time="0.569" errors="0">
  <testcase name="HandleSessionCookies" time="0.569" classname="workingWithElements.WorkingWithContextMenu"/>
  <system-out/>
</testsuite> <!-- workingWithElements.WorkingWithContextMenu -->
