<?xml version="1.0" encoding="UTF-8"?>
<!-- Generated by org.testng.reporters.JUnitReportReporter -->
<testsuite skipped="0" hostname="DESKTOP-O97AD17" name="testingWaits.TestingImplicitWait" tests="1" failures="0" timestamp="2020-11-28T03:11:02 EET" time="0.503" errors="0">
  <testcase name="TestImplicitWait" time="0.503" classname="testingWaits.TestingImplicitWait"/>
  <system-out/>
</testsuite> <!-- testingWaits.TestingImplicitWait -->
