<?xml version="1.0" encoding="UTF-8"?>
<!-- Generated by org.testng.reporters.JUnitReportReporter -->
<testsuite skipped="0" hostname="DESKTOP-O97AD17" name="findingElements.FindElementByCSSselector" tests="1" failures="0" timestamp="2020-11-18T01:51:15 EET" time="0.106" errors="0">
  <testcase name="FindElementByCssSelector" time="0.106" classname="findingElements.FindElementByCSSselector"/>
  <system-out/>
</testsuite> <!-- findingElements.FindElementByCSSselector -->
