<?xml version="1.0" encoding="UTF-8"?>
<!-- Generated by org.testng.reporters.JUnitReportReporter -->
<testsuite skipped="0" hostname="DESKTOP-TSU97K6" name="workingWithElements.TestingScroll" tests="1" failures="0" timestamp="2021-03-08T16:54:56 EET" time="4.034" errors="0">
  <testcase name="TestScroll" time="4.034" classname="workingWithElements.TestingScroll"/>
  <system-out/>
</testsuite> <!-- workingWithElements.TestingScroll -->
