<?xml version="1.0" encoding="UTF-8"?>
<!-- Generated by org.testng.reporters.JUnitReportReporter -->
<testsuite skipped="0" hostname="DESKTOP-O97AD17" name="findingElements.TestBrowserNavigationCommands" tests="1" failures="0" timestamp="2020-11-19T00:13:40 EET" time="4.960" errors="0">
  <testcase name="BrowserNavigation" time="4.960" classname="findingElements.TestBrowserNavigationCommands"/>
  <system-out/>
</testsuite> <!-- findingElements.TestBrowserNavigationCommands -->
