<?xml version="1.0" encoding="UTF-8"?>
<!-- Generated by org.testng.reporters.JUnitReportReporter -->
<testsuite skipped="0" hostname="DESKTOP-TSU97K6" name="findingElements.findelementByName" tests="1" failures="0" timestamp="2021-05-18T20:40:06 EET" time="0.082" errors="0">
  <testcase name="FindElementByName" time="0.082" classname="findingElements.findelementByName"/>
  <system-out/>
</testsuite> <!-- findingElements.findelementByName -->
