<?xml version="1.0" encoding="UTF-8"?>
<!-- Generated by org.testng.reporters.JUnitReportReporter -->
<testsuite skipped="0" hostname="DESKTOP-O97AD17" name="findingElements.FindElementsUsingWebElements" tests="1" failures="0" timestamp="2020-11-18T23:05:29 EET" time="0.108" errors="0">
  <testcase name="TestFindElements" time="0.108" classname="findingElements.FindElementsUsingWebElements"/>
  <system-out/>
</testsuite> <!-- findingElements.FindElementsUsingWebElements -->
