<?xml version="1.0" encoding="UTF-8"?>
<!-- Generated by org.testng.reporters.JUnitReportReporter -->
<testsuite skipped="0" hostname="DESKTOP-O97AD17" name="findingElements.FindLinksByPartialLinkTxt" tests="2" failures="0" timestamp="2020-11-18T23:31:21 EET" time="0.112" errors="0">
  <testcase name="FindElementByLinkTxt" time="0.076" classname="findingElements.FindLinksByPartialLinkTxt"/>
  <system-out/>
  <testcase name="PartialLinkText" time="0.036" classname="findingElements.FindLinksByPartialLinkTxt"/>
  <system-out/>
</testsuite> <!-- findingElements.FindLinksByPartialLinkTxt -->
