<?xml version="1.0" encoding="UTF-8"?>
<!-- Generated by org.testng.reporters.JUnitReportReporter -->
<testsuite skipped="0" hostname="DESKTOP-TSU97K6" name="findingElements.FindingElementByID" tests="1" failures="0" timestamp="2021-05-18T20:31:16 EET" time="0.106" errors="0">
  <testcase name="findElementByID" time="0.106" classname="findingElements.FindingElementByID"/>
  <system-out/>
</testsuite> <!-- findingElements.FindingElementByID -->
