<?xml version="1.0" encoding="UTF-8"?>
<!-- Generated by org.testng.reporters.JUnitReportReporter -->
<testsuite skipped="1" hostname="DESKTOP-O97AD17" name="workingWithElements.WorkingWithCheckboxes" tests="2" failures="0" timestamp="2020-11-26T00:00:17 EET" time="0.077" errors="0">
  <testcase name="TestElementPresent" time="0.077" classname="workingWithElements.WorkingWithCheckboxes"/>
  <system-out/>
  <testcase name="TestCheckBox" classname="workingWithElements.WorkingWithCheckboxes">
    <skipped/>
  </testcase> <!-- TestCheckBox -->
  <system-out/>
</testsuite> <!-- workingWithElements.WorkingWithCheckboxes -->
