<?xml version="1.0" encoding="UTF-8"?>
<!-- Generated by org.testng.reporters.JUnitReportReporter -->
<testsuite skipped="0" hostname="DESKTOP-O97AD17" name="advancedElements.WorkingWithFrames" tests="3" failures="0" timestamp="2020-12-01T20:02:02 EET" time="0.386" errors="0">
  <testcase name="TestFramesByID" time="0.185" classname="advancedElements.WorkingWithFrames"/>
  <system-out/>
  <testcase name="TestFramesByName" time="0.112" classname="advancedElements.WorkingWithFrames"/>
  <system-out/>
  <testcase name="TestFramesByIndex" time="0.089" classname="advancedElements.WorkingWithFrames"/>
  <system-out/>
</testsuite> <!-- advancedElements.WorkingWithFrames -->
