<?xml version="1.0" encoding="UTF-8"?>
<!-- Generated by org.testng.reporters.JUnitReportReporter -->
<testsuite skipped="0" hostname="DESKTOP-O97AD17" name="workingWithElements.WorkingWithWebtable" tests="1" failures="0" timestamp="2020-11-25T23:44:46 EET" time="0.644" errors="0">
  <testcase name="testWebTable" time="0.644" classname="workingWithElements.WorkingWithWebtable"/>
  <system-out/>
</testsuite> <!-- workingWithElements.WorkingWithWebtable -->
