<?xml version="1.0" encoding="UTF-8"?>
<!-- Generated by org.testng.reporters.JUnitReportReporter -->
<testsuite skipped="0" hostname="DESKTOP-O97AD17" name="seleniumWebAPIs.TestMultibleWindows" tests="2" failures="0" timestamp="2020-11-27T01:23:22 EET" time="3.642" errors="0">
  <testcase name="TestWindowHandleByTitle" time="1.259" classname="seleniumWebAPIs.TestMultibleWindows"/>
  <system-out/>
  <testcase name="TestWindowHandleByName" time="2.383" classname="seleniumWebAPIs.TestMultibleWindows"/>
  <system-out/>
</testsuite> <!-- seleniumWebAPIs.TestMultibleWindows -->
