<?xml version="1.0" encoding="UTF-8"?>
<!-- Generated by org.testng.reporters.JUnitReportReporter -->
<testsuite skipped="0" hostname="DESKTOP-O97AD17" name="seleniumWebAPIs.TestingDoubleClick" tests="1" failures="0" timestamp="2020-11-26T01:19:40 EET" time="0.203" errors="0">
  <testcase name="DoubleClickTest" time="0.203" classname="seleniumWebAPIs.TestingDoubleClick"/>
  <system-out/>
</testsuite> <!-- seleniumWebAPIs.TestingDoubleClick -->
