<?xml version="1.0" encoding="UTF-8"?>
<!-- Generated by org.testng.reporters.JUnitReportReporter -->
<testsuite skipped="0" hostname="DESKTOP-TSU97K6" name="seleniumWebAPIs.DragAndDrop" tests="1" failures="0" timestamp="2021-02-16T20:17:51 EET" time="0.342" errors="0">
  <testcase name="TestDragAndDrop" time="0.342" classname="seleniumWebAPIs.DragAndDrop"/>
  <system-out/>
</testsuite> <!-- seleniumWebAPIs.DragAndDrop -->
