<?xml version="1.0" encoding="UTF-8"?>
<!-- Generated by org.testng.reporters.JUnitReportReporter -->
<testsuite skipped="0" hostname="DESKTOP-TSU97K6" name="workingWithElements.TestUploadFile" tests="1" failures="0" timestamp="2021-02-25T02:04:54 EET" time="1.078" errors="0">
  <testcase name="TestUpload" time="1.078" classname="workingWithElements.TestUploadFile"/>
  <system-out/>
</testsuite> <!-- workingWithElements.TestUploadFile -->
