<?xml version="1.0" encoding="UTF-8"?>
<!-- Generated by org.testng.reporters.JUnitReportReporter -->
<testsuite skipped="0" hostname="DESKTOP-O97AD17" name="testingWaits.TestingFluentWait" tests="1" failures="0" timestamp="2020-12-01T19:02:45 EET" time="2.308" errors="0">
  <testcase name="TestFluentWait" time="2.308" classname="testingWaits.TestingFluentWait"/>
  <system-out/>
</testsuite> <!-- testingWaits.TestingFluentWait -->
