<?xml version="1.0" encoding="UTF-8"?>
<!-- Generated by org.testng.reporters.JUnitReportReporter -->
<testsuite skipped="0" hostname="DESKTOP-O97AD17" name="advancedElements.WorkingWithJavaScript" tests="1" failures="0" timestamp="2020-12-03T01:34:28 EET" time="0.041" errors="0">
  <testcase name="TestJavaScript" time="0.041" classname="advancedElements.WorkingWithJavaScript"/>
  <system-out/>
</testsuite> <!-- advancedElements.WorkingWithJavaScript -->
