<?xml version="1.0" encoding="UTF-8"?>
<!-- Generated by org.testng.reporters.JUnitReportReporter -->
<testsuite skipped="0" hostname="DESKTOP-O97AD17" name="findingElements.FindElementsByTageName" tests="1" failures="0" timestamp="2020-11-18T01:29:19 EET" time="0.096" errors="0">
  <testcase name="FindElementByTagName" time="0.096" classname="findingElements.FindElementsByTageName"/>
  <system-out/>
</testsuite> <!-- findingElements.FindElementsByTageName -->
